{"logTime": "0121/004038", "correlationVector":"F4fjxT060pvDHGxJfU/M32.1","action":"SyncServerConnectionManagerRequest", "result":"SYNC_SERVER_OK", "context":{"environment":"Prod_eastus2_prod-s01-050-nam-eastus2", "migrationStage":"NotStarted", "server":"akswtt0030000b9"}}
{"logTime": "0121/004039", "correlationVector":"7WLXf4iDmyV2xlsYySQ+8x","action":"SyncServerConnectionManagerRequest", "result":"SYNC_SERVER_OK", "context":{"environment":"", "migrationStage":"", "server":""}}
{"logTime": "0121/004039", "correlationVector":"F4fjxT060pvDHGxJfU/M32","action":"Initial GetUpdates", "result":"", "context":Reason: NEW_CLIENT. cV=F4fjxT060pvDHGxJfU/M32}
{"logTime": "0121/004039", "correlationVector":"F4fjxT060pvDHGxJfU/M32.2","action":"GetUpdates Response", "result":"Success", "context":Received 1 update(s). cV=F4fjxT060pvDHGxJfU/M32.0;server=akswtt0030000b9;cloudType=Consumer;environment=Prod_eastus2_prod-s01-050-nam-eastus2;migrationStage=NotStarted}
{"logTime": "0121/004039", "correlationVector":"BbyD9KbvaBsDTQM/mK2qjy","action":"Initial GetUpdates", "result":"", "context":Reason: NEWLY_SUPPORTED_DATATYPE. cV=BbyD9KbvaBsDTQM/mK2qjy}
{"logTime": "0121/004039", "correlationVector":"BbyD9KbvaBsDTQM/mK2qjy.1","action":"SyncServerConnectionManagerRequest", "result":"SYNC_SERVER_OK", "context":{"environment":"Prod_eastus2_prod-s01-050-nam-eastus2", "migrationStage":"NotStarted", "server":"akswtt0030000at"}}
{"logTime": "0121/004039", "correlationVector":"BbyD9KbvaBsDTQM/mK2qjy.2","action":"GetUpdates Response", "result":"Success", "context":Received 52 update(s). cV=BbyD9KbvaBsDTQM/mK2qjy.0;server=akswtt0030000at;cloudType=Consumer;environment=Prod_eastus2_prod-s01-050-nam-eastus2;migrationStage=NotStarted}
{"logTime": "0121/004039", "correlationVector":"UKId29M8kukyoiv9tQN/XI","action":"Initial GetUpdates", "result":"", "context":Reason: NEWLY_SUPPORTED_DATATYPE. cV=UKId29M8kukyoiv9tQN/XI}
{"logTime": "0121/004039", "correlationVector":"UKId29M8kukyoiv9tQN/XI.1","action":"SyncServerConnectionManagerRequest", "result":"SYNC_SERVER_OK", "context":{"environment":"Prod_eastus2_prod-s01-050-nam-eastus2", "migrationStage":"NotStarted", "server":"akswtt003000053"}}
{"logTime": "0121/004039", "correlationVector":"UKId29M8kukyoiv9tQN/XI.2","action":"GetUpdates Response", "result":"Success", "context":Received 12 update(s). cV=UKId29M8kukyoiv9tQN/XI.0;server=akswtt003000053;cloudType=Consumer;environment=Prod_eastus2_prod-s01-050-nam-eastus2;migrationStage=NotStarted}
{"logTime": "0121/004039", "correlationVector":"hyzQTCXGNva7tQEWI85sYc","action":"Initial GetUpdates", "result":"", "context":Reason: NEWLY_SUPPORTED_DATATYPE. cV=hyzQTCXGNva7tQEWI85sYc}
{"logTime": "0121/004039", "correlationVector":"hyzQTCXGNva7tQEWI85sYc.1","action":"SyncServerConnectionManagerRequest", "result":"SYNC_SERVER_OK", "context":{"environment":"Prod_eastus2_prod-s01-050-nam-eastus2", "migrationStage":"NotStarted", "server":"akswtt0030000ap"}}
{"logTime": "0121/004039", "correlationVector":"hyzQTCXGNva7tQEWI85sYc.2","action":"GetUpdates Response", "result":"Success", "context":Received 2 update(s). cV=hyzQTCXGNva7tQEWI85sYc.0;server=akswtt0030000ap;cloudType=Consumer;environment=Prod_eastus2_prod-s01-050-nam-eastus2;migrationStage=NotStarted}
{"logTime": "0121/004039", "correlationVector":"7E58vOW84G4E5n/mYoyMHJ","action":"Initial GetUpdates", "result":"", "context":Reason: NEWLY_SUPPORTED_DATATYPE. cV=7E58vOW84G4E5n/mYoyMHJ}
{"logTime": "0121/004040", "correlationVector":"7E58vOW84G4E5n/mYoyMHJ.1","action":"SyncServerConnectionManagerRequest", "result":"SYNC_SERVER_OK", "context":{"environment":"Prod_eastus2_prod-s01-050-nam-eastus2", "migrationStage":"NotStarted", "server":"akswtt0030000b9"}}
{"logTime": "0121/004040", "correlationVector":"7E58vOW84G4E5n/mYoyMHJ.2","action":"GetUpdates Response", "result":"Success", "context":Received 0 update(s). cV=7E58vOW84G4E5n/mYoyMHJ.0;server=akswtt0030000b9;cloudType=Consumer;environment=Prod_eastus2_prod-s01-050-nam-eastus2;migrationStage=NotStarted}
{"logTime": "0121/004040", "correlationVector":"uVWtvfcxWGpKzgjwlb2AF5","action":"Normal GetUpdate request", "result":"", "context":cV=uVWtvfcxWGpKzgjwlb2AF5
Nudged types: Preferences, Sessions, Device Info, User Consents
Refresh requested types: Bookmarks, Preferences, Passwords, Autofill Profiles, Autofill, Typed URLs, Extensions, Sessions, Extension settings, History Delete Directives, Device Info, User Consents, Send Tab To Self, Web Apps, History, Collection, Edge E Drop, Edge Hub App Usage, Edge Tab Group, Edge Wallet, Encryption Keys}
{"logTime": "0121/004040", "correlationVector":"uVWtvfcxWGpKzgjwlb2AF5.1","action":"SyncServerConnectionManagerRequest", "result":"SYNC_SERVER_OK", "context":{"environment":"Prod_eastus2_prod-s01-050-nam-eastus2", "migrationStage":"NotStarted", "server":"akswtt00300003l"}}
{"logTime": "0121/004040", "correlationVector":"uVWtvfcxWGpKzgjwlb2AF5.2","action":"GetUpdates Response", "result":"Success", "context":Received 0 update(s). cV=uVWtvfcxWGpKzgjwlb2AF5.0;server=akswtt00300003l;cloudType=Consumer;environment=Prod_eastus2_prod-s01-050-nam-eastus2;migrationStage=NotStarted}
{"logTime": "0121/004040", "correlationVector":"o5denL6r6iA4b8IHgpNGEp","action":"Commit Request", "result":"", "context":Item count: 9
Contributing types: Preferences, Sessions, Device Info, User Consents}
{"logTime": "0121/004041", "correlationVector":"o5denL6r6iA4b8IHgpNGEp.1","action":"SyncServerConnectionManagerRequest", "result":"SYNC_SERVER_OK", "context":{"environment":"Prod_eastus2_prod-s01-050-nam-eastus2", "migrationStage":"NotStarted", "server":"akswtt00300005a"}}
{"logTime": "0121/004041", "correlationVector":"o5denL6r6iA4b8IHgpNGEp.2","action":"Commit Response", "result":"Success", "context":Result: Success. cV=o5denL6r6iA4b8IHgpNGEp.0;server=akswtt00300005a;cloudType=Consumer;environment=Prod_eastus2_prod-s01-050-nam-eastus2;migrationStage=NotStarted}
